[debug] [2022-10-27T08:20:32.867Z] ----------------------------------------------------------------------
[debug] [2022-10-27T08:20:32.868Z] Command:       C:\Program Files\nodejs\node.exe C:\Users\bherth\AppData\Roaming\npm\node_modules\firebase-tools\lib\bin\firebase.js login
[debug] [2022-10-27T08:20:32.869Z] CLI Version:   11.15.0
[debug] [2022-10-27T08:20:32.869Z] Platform:      win32
[debug] [2022-10-27T08:20:32.869Z] Node Version:  v16.17.1
[debug] [2022-10-27T08:20:32.874Z] Time:          Thu Oct 27 2022 16:20:32 GMT+0800 (Singapore Standard Time)
[debug] [2022-10-27T08:20:32.874Z] ----------------------------------------------------------------------
[debug] 
[debug] [2022-10-27T08:20:32.877Z] >>> [apiv2][query] GET https://firebase-public.firebaseio.com/cli.json [none]
[info] i  Firebase optionally collects CLI and Emulator Suite usage and error reporting information to help improve our products. Data is collected in accordance with Google's privacy policy (https://policies.google.com/privacy) and is not used to identify you.
 
[debug] [2022-10-27T08:20:33.398Z] <<< [apiv2][status] GET https://firebase-public.firebaseio.com/cli.json 200
[debug] [2022-10-27T08:20:33.399Z] <<< [apiv2][body] GET https://firebase-public.firebaseio.com/cli.json {"cloudBuildErrorAfter":1594252800000,"cloudBuildWarnAfter":1590019200000,"defaultNode10After":1594252800000,"minVersion":"3.0.5","node8DeploysDisabledAfter":1613390400000,"node8RuntimeDisabledAfter":1615809600000,"node8WarnAfter":1600128000000}
[info] i  To change your data collection preference at any time, run `firebase logout` and log in again. 
[info] 
[info] Visit this URL on this device to log in:
[info] https://accounts.google.com/o/oauth2/auth?client_id=563584335869-fgrhgmd47bqnekij5i8b5pr03ho849e6.apps.googleusercontent.com&scope=email%20openid%20https%3A%2F%2Fwww.googleapis.com%2Fauth%2Fcloudplatformprojects.readonly%20https%3A%2F%2Fwww.googleapis.com%2Fauth%2Ffirebase%20https%3A%2F%2Fwww.googleapis.com%2Fauth%2Fcloud-platform&response_type=code&state=959525656&redirect_uri=http%3A%2F%2Flocalhost%3A9005
[info] 
[info] Waiting for authentication...
[debug] [2022-10-27T08:20:37.347Z] Error: spawn cmd ENOENT
    at Process.ChildProcess._handle.onexit (node:internal/child_process:283:19)
    at onErrorNT (node:internal/child_process:478:16)
    at processTicksAndRejections (node:internal/process/task_queues:83:21)
[error] 
[error] Error: An unexpected error has occurred.
[debug] [2022-10-27T08:23:31.855Z] ----------------------------------------------------------------------
[debug] [2022-10-27T08:23:31.857Z] Command:       C:\Program Files\nodejs\node.exe C:\Users\bherth\AppData\Roaming\npm\node_modules\firebase-tools\lib\bin\firebase.js login
[debug] [2022-10-27T08:23:31.857Z] CLI Version:   11.15.0
[debug] [2022-10-27T08:23:31.857Z] Platform:      win32
[debug] [2022-10-27T08:23:31.857Z] Node Version:  v16.17.1
[debug] [2022-10-27T08:23:31.858Z] Time:          Thu Oct 27 2022 16:23:31 GMT+0800 (Singapore Standard Time)
[debug] [2022-10-27T08:23:31.858Z] ----------------------------------------------------------------------
[debug] 
[info] i  Firebase optionally collects CLI and Emulator Suite usage and error reporting information to help improve our products. Data is collected in accordance with Google's privacy policy (https://policies.google.com/privacy) and is not used to identify you.
 
[info] i  To change your data collection preference at any time, run `firebase logout` and log in again. 
[info] 
[info] Visit this URL on this device to log in:
[info] https://accounts.google.com/o/oauth2/auth?client_id=563584335869-fgrhgmd47bqnekij5i8b5pr03ho849e6.apps.googleusercontent.com&scope=email%20openid%20https%3A%2F%2Fwww.googleapis.com%2Fauth%2Fcloudplatformprojects.readonly%20https%3A%2F%2Fwww.googleapis.com%2Fauth%2Ffirebase%20https%3A%2F%2Fwww.googleapis.com%2Fauth%2Fcloud-platform&response_type=code&state=873288472&redirect_uri=http%3A%2F%2Flocalhost%3A9005
[info] 
[info] Waiting for authentication...
[debug] [2022-10-27T08:23:40.201Z] Error: spawn cmd ENOENT
    at Process.ChildProcess._handle.onexit (node:internal/child_process:283:19)
    at onErrorNT (node:internal/child_process:478:16)
    at processTicksAndRejections (node:internal/process/task_queues:83:21)
[error] 
[error] Error: An unexpected error has occurred.
[debug] [2022-10-27T08:25:16.367Z] ----------------------------------------------------------------------
[debug] [2022-10-27T08:25:16.369Z] Command:       C:\Program Files\nodejs\node.exe C:\Users\bherth\AppData\Roaming\npm\node_modules\firebase-tools\lib\bin\firebase.js login
[debug] [2022-10-27T08:25:16.369Z] CLI Version:   11.15.0
[debug] [2022-10-27T08:25:16.369Z] Platform:      win32
[debug] [2022-10-27T08:25:16.369Z] Node Version:  v16.17.1
[debug] [2022-10-27T08:25:16.370Z] Time:          Thu Oct 27 2022 16:25:16 GMT+0800 (Singapore Standard Time)
[debug] [2022-10-27T08:25:16.370Z] ----------------------------------------------------------------------
[debug] 
[info] i  Firebase optionally collects CLI and Emulator Suite usage and error reporting information to help improve our products. Data is collected in accordance with Google's privacy policy (https://policies.google.com/privacy) and is not used to identify you.
 
[info] i  To change your data collection preference at any time, run `firebase logout` and log in again. 
[info] 
[info] Visit this URL on this device to log in:
[info] https://accounts.google.com/o/oauth2/auth?client_id=563584335869-fgrhgmd47bqnekij5i8b5pr03ho849e6.apps.googleusercontent.com&scope=email%20openid%20https%3A%2F%2Fwww.googleapis.com%2Fauth%2Fcloudplatformprojects.readonly%20https%3A%2F%2Fwww.googleapis.com%2Fauth%2Ffirebase%20https%3A%2F%2Fwww.googleapis.com%2Fauth%2Fcloud-platform&response_type=code&state=885263492&redirect_uri=http%3A%2F%2Flocalhost%3A9005
[info] 
[info] Waiting for authentication...
[debug] [2022-10-27T08:25:24.644Z] Error: spawn cmd ENOENT
    at Process.ChildProcess._handle.onexit (node:internal/child_process:283:19)
    at onErrorNT (node:internal/child_process:478:16)
    at processTicksAndRejections (node:internal/process/task_queues:83:21)
[error] 
[error] Error: An unexpected error has occurred.
[debug] [2022-10-27T08:25:48.443Z] ----------------------------------------------------------------------
[debug] [2022-10-27T08:25:48.445Z] Command:       C:\Program Files\nodejs\node.exe C:\Users\bherth\AppData\Roaming\npm\node_modules\firebase-tools\lib\bin\firebase.js login
[debug] [2022-10-27T08:25:48.446Z] CLI Version:   11.15.0
[debug] [2022-10-27T08:25:48.446Z] Platform:      win32
[debug] [2022-10-27T08:25:48.446Z] Node Version:  v16.17.1
[debug] [2022-10-27T08:25:48.447Z] Time:          Thu Oct 27 2022 16:25:48 GMT+0800 (Singapore Standard Time)
[debug] [2022-10-27T08:25:48.447Z] ----------------------------------------------------------------------
[debug] 
[info] i  Firebase optionally collects CLI and Emulator Suite usage and error reporting information to help improve our products. Data is collected in accordance with Google's privacy policy (https://policies.google.com/privacy) and is not used to identify you.
 
[info] i  To change your data collection preference at any time, run `firebase logout` and log in again. 
[info] 
[info] Visit this URL on this device to log in:
[info] https://accounts.google.com/o/oauth2/auth?client_id=563584335869-fgrhgmd47bqnekij5i8b5pr03ho849e6.apps.googleusercontent.com&scope=email%20openid%20https%3A%2F%2Fwww.googleapis.com%2Fauth%2Fcloudplatformprojects.readonly%20https%3A%2F%2Fwww.googleapis.com%2Fauth%2Ffirebase%20https%3A%2F%2Fwww.googleapis.com%2Fauth%2Fcloud-platform&response_type=code&state=583529063&redirect_uri=http%3A%2F%2Flocalhost%3A9005
[info] 
[info] Waiting for authentication...
[debug] [2022-10-27T08:25:50.235Z] Error: spawn cmd ENOENT
    at Process.ChildProcess._handle.onexit (node:internal/child_process:283:19)
    at onErrorNT (node:internal/child_process:478:16)
    at processTicksAndRejections (node:internal/process/task_queues:83:21)
[error] 
[error] Error: An unexpected error has occurred.
